mode: set
erajaya/controllers/product_controllers.go:14.49,22.16 6 1
erajaya/controllers/product_controllers.go:26.2,27.16 2 1
erajaya/controllers/product_controllers.go:30.2,31.16 2 1
erajaya/controllers/product_controllers.go:35.2,36.16 2 1
erajaya/controllers/product_controllers.go:40.2,41.16 2 1
erajaya/controllers/product_controllers.go:44.2,45.16 2 1
erajaya/controllers/product_controllers.go:49.2,49.16 1 1
erajaya/controllers/product_controllers.go:52.2,52.16 1 1
erajaya/controllers/product_controllers.go:55.2,55.85 1 1
erajaya/controllers/product_controllers.go:22.16,24.3 1 1
erajaya/controllers/product_controllers.go:27.16,29.3 1 1
erajaya/controllers/product_controllers.go:31.16,33.3 1 1
erajaya/controllers/product_controllers.go:36.16,38.3 1 1
erajaya/controllers/product_controllers.go:41.16,43.3 1 1
erajaya/controllers/product_controllers.go:45.16,47.3 1 1
erajaya/controllers/product_controllers.go:49.16,51.3 1 1
erajaya/controllers/product_controllers.go:52.16,54.3 1 1
erajaya/controllers/product_controllers.go:59.53,61.16 2 1
erajaya/controllers/product_controllers.go:64.2,64.21 1 1
erajaya/controllers/product_controllers.go:67.2,67.92 1 1
erajaya/controllers/product_controllers.go:61.16,63.3 1 1
erajaya/controllers/product_controllers.go:64.21,66.3 1 1
erajaya/controllers/product_controllers.go:71.66,73.16 2 1
erajaya/controllers/product_controllers.go:76.2,76.21 1 1
erajaya/controllers/product_controllers.go:79.2,79.92 1 1
erajaya/controllers/product_controllers.go:73.16,75.3 1 1
erajaya/controllers/product_controllers.go:76.21,78.3 1 1
erajaya/controllers/product_controllers.go:83.62,85.16 2 1
erajaya/controllers/product_controllers.go:88.2,88.21 1 1
erajaya/controllers/product_controllers.go:91.2,91.92 1 1
erajaya/controllers/product_controllers.go:85.16,87.3 1 1
erajaya/controllers/product_controllers.go:88.21,90.3 1 1
erajaya/controllers/product_controllers.go:95.63,97.16 2 1
erajaya/controllers/product_controllers.go:100.2,100.21 1 1
erajaya/controllers/product_controllers.go:103.2,103.92 1 1
erajaya/controllers/product_controllers.go:97.16,99.3 1 1
erajaya/controllers/product_controllers.go:100.21,102.3 1 1
erajaya/controllers/product_controllers.go:107.63,109.16 2 1
erajaya/controllers/product_controllers.go:112.2,112.21 1 1
erajaya/controllers/product_controllers.go:115.2,115.92 1 1
erajaya/controllers/product_controllers.go:109.16,111.3 1 1
erajaya/controllers/product_controllers.go:112.21,114.3 1 1
erajaya/controllers/product_controllers.go:119.64,121.16 2 1
erajaya/controllers/product_controllers.go:124.2,124.21 1 1
erajaya/controllers/product_controllers.go:127.2,127.92 1 1
erajaya/controllers/product_controllers.go:121.16,123.3 1 1
erajaya/controllers/product_controllers.go:124.21,126.3 1 1
